<?xml version="1.0" encoding="UTF-8"?><testrun name="ApplicationTests" project="JS.Fofana-Bank-V2.2-Backend" tests="18" started="0" failures="0" errors="1" ignored="0">
  <testsuite name="com.app.ApplicationTests" incomplete="true" displayname="ApplicationTests" uniqueid="[engine:junit-jupiter]/[class:com.app.ApplicationTests]">
    <error>java.lang.IllegalStateException: Configuration error: found multiple declarations of @BootstrapWith for test class [com.app.ApplicationTests]: [@org.springframework.test.context.BootstrapWith(value=org.springframework.boot.test.context.SpringBootTestContextBootstrapper), @org.springframework.test.context.BootstrapWith(value=org.springframework.boot.test.autoconfigure.web.servlet.WebMvcTestContextBootstrapper)]&#13;
	at org.springframework.test.context.BootstrapUtils.resolveExplicitTestContextBootstrapper(BootstrapUtils.java:166)&#13;
	at org.springframework.test.context.BootstrapUtils.resolveTestContextBootstrapper(BootstrapUtils.java:127)&#13;
	at org.springframework.test.context.TestContextManager.&lt;init&gt;(TestContextManager.java:122)&#13;
	at org.junit.jupiter.engine.execution.ExtensionValuesStore.lambda$getOrComputeIfAbsent$0(ExtensionValuesStore.java:81)&#13;
	at org.junit.jupiter.engine.execution.ExtensionValuesStore$MemoizingSupplier.get(ExtensionValuesStore.java:182)&#13;
	at org.junit.jupiter.engine.execution.ExtensionValuesStore.getOrComputeIfAbsent(ExtensionValuesStore.java:84)&#13;
	at org.junit.jupiter.engine.execution.ExtensionValuesStore.getOrComputeIfAbsent(ExtensionValuesStore.java:88)&#13;
	at org.junit.jupiter.engine.execution.NamespaceAwareStore.getOrComputeIfAbsent(NamespaceAwareStore.java:61)&#13;
	at org.springframework.test.context.junit.jupiter.SpringExtension.getTestContextManager(SpringExtension.java:213)&#13;
	at org.springframework.test.context.junit.jupiter.SpringExtension.beforeAll(SpringExtension.java:77)&#13;
	at org.junit.jupiter.engine.descriptor.ClassBasedTestDescriptor.lambda$invokeBeforeAllCallbacks$7(ClassBasedTestDescriptor.java:355)&#13;
	at org.junit.platform.engine.support.hierarchical.ThrowableCollector.execute(ThrowableCollector.java:73)&#13;
	at org.junit.jupiter.engine.descriptor.ClassBasedTestDescriptor.invokeBeforeAllCallbacks(ClassBasedTestDescriptor.java:355)&#13;
	at org.junit.jupiter.engine.descriptor.ClassBasedTestDescriptor.before(ClassBasedTestDescriptor.java:189)&#13;
	at org.junit.jupiter.engine.descriptor.ClassBasedTestDescriptor.before(ClassBasedTestDescriptor.java:77)&#13;
	at org.junit.platform.engine.support.hierarchical.NodeTestTask.lambda$executeRecursively$5(NodeTestTask.java:132)&#13;
	at org.junit.platform.engine.support.hierarchical.ThrowableCollector.execute(ThrowableCollector.java:73)&#13;
	at org.junit.platform.engine.support.hierarchical.NodeTestTask.lambda$executeRecursively$7(NodeTestTask.java:125)&#13;
	at org.junit.platform.engine.support.hierarchical.Node.around(Node.java:135)&#13;
	at org.junit.platform.engine.support.hierarchical.NodeTestTask.lambda$executeRecursively$8(NodeTestTask.java:123)&#13;
	at org.junit.platform.engine.support.hierarchical.ThrowableCollector.execute(ThrowableCollector.java:73)&#13;
	at org.junit.platform.engine.support.hierarchical.NodeTestTask.executeRecursively(NodeTestTask.java:122)&#13;
	at org.junit.platform.engine.support.hierarchical.NodeTestTask.execute(NodeTestTask.java:80)&#13;
	at java.base/java.util.ArrayList.forEach(ArrayList.java:1507)&#13;
	at org.junit.platform.engine.support.hierarchical.SameThreadHierarchicalTestExecutorService.invokeAll(SameThreadHierarchicalTestExecutorService.java:38)&#13;
	at org.junit.platform.engine.support.hierarchical.NodeTestTask.lambda$executeRecursively$5(NodeTestTask.java:139)&#13;
	at org.junit.platform.engine.support.hierarchical.ThrowableCollector.execute(ThrowableCollector.java:73)&#13;
	at org.junit.platform.engine.support.hierarchical.NodeTestTask.lambda$executeRecursively$7(NodeTestTask.java:125)&#13;
	at org.junit.platform.engine.support.hierarchical.Node.around(Node.java:135)&#13;
	at org.junit.platform.engine.support.hierarchical.NodeTestTask.lambda$executeRecursively$8(NodeTestTask.java:123)&#13;
	at org.junit.platform.engine.support.hierarchical.ThrowableCollector.execute(ThrowableCollector.java:73)&#13;
	at org.junit.platform.engine.support.hierarchical.NodeTestTask.executeRecursively(NodeTestTask.java:122)&#13;
	at org.junit.platform.engine.support.hierarchical.NodeTestTask.execute(NodeTestTask.java:80)&#13;
	at org.junit.platform.engine.support.hierarchical.SameThreadHierarchicalTestExecutorService.submit(SameThreadHierarchicalTestExecutorService.java:32)&#13;
	at org.junit.platform.engine.support.hierarchical.HierarchicalTestExecutor.execute(HierarchicalTestExecutor.java:57)&#13;
	at org.junit.platform.engine.support.hierarchical.HierarchicalTestEngine.execute(HierarchicalTestEngine.java:51)&#13;
	at org.junit.platform.launcher.core.DefaultLauncher.execute(DefaultLauncher.java:229)&#13;
	at org.junit.platform.launcher.core.DefaultLauncher.lambda$execute$6(DefaultLauncher.java:197)&#13;
	at org.junit.platform.launcher.core.DefaultLauncher.withInterceptedStreams(DefaultLauncher.java:211)&#13;
	at org.junit.platform.launcher.core.DefaultLauncher.execute(DefaultLauncher.java:191)&#13;
	at org.junit.platform.launcher.core.DefaultLauncher.execute(DefaultLauncher.java:137)&#13;
	at org.eclipse.jdt.internal.junit5.runner.JUnit5TestReference.run(JUnit5TestReference.java:89)&#13;
	at org.eclipse.jdt.internal.junit.runner.TestExecution.run(TestExecution.java:41)&#13;
	at org.eclipse.jdt.internal.junit.runner.RemoteTestRunner.runTests(RemoteTestRunner.java:542)&#13;
	at org.eclipse.jdt.internal.junit.runner.RemoteTestRunner.runTests(RemoteTestRunner.java:770)&#13;
	at org.eclipse.jdt.internal.junit.runner.RemoteTestRunner.run(RemoteTestRunner.java:464)&#13;
	at org.eclipse.jdt.internal.junit.runner.RemoteTestRunner.main(RemoteTestRunner.java:210)&#13;
	Suppressed: java.lang.IllegalStateException: Configuration error: found multiple declarations of @BootstrapWith for test class [com.app.ApplicationTests]: [@org.springframework.test.context.BootstrapWith(value=org.springframework.boot.test.context.SpringBootTestContextBootstrapper), @org.springframework.test.context.BootstrapWith(value=org.springframework.boot.test.autoconfigure.web.servlet.WebMvcTestContextBootstrapper)]&#13;
		at org.springframework.test.context.BootstrapUtils.resolveExplicitTestContextBootstrapper(BootstrapUtils.java:166)&#13;
		at org.springframework.test.context.BootstrapUtils.resolveTestContextBootstrapper(BootstrapUtils.java:127)&#13;
		at org.springframework.test.context.TestContextManager.&lt;init&gt;(TestContextManager.java:122)&#13;
		at org.junit.jupiter.engine.execution.ExtensionValuesStore.lambda$getOrComputeIfAbsent$0(ExtensionValuesStore.java:81)&#13;
		at org.junit.jupiter.engine.execution.ExtensionValuesStore$MemoizingSupplier.get(ExtensionValuesStore.java:182)&#13;
		at org.junit.jupiter.engine.execution.ExtensionValuesStore.remove(ExtensionValuesStore.java:98)&#13;
		at org.junit.jupiter.engine.execution.NamespaceAwareStore.remove(NamespaceAwareStore.java:73)&#13;
		at org.springframework.test.context.junit.jupiter.SpringExtension.afterAll(SpringExtension.java:89)&#13;
		at org.junit.jupiter.engine.descriptor.ClassBasedTestDescriptor.lambda$invokeAfterAllCallbacks$13(ClassBasedTestDescriptor.java:421)&#13;
		at org.junit.platform.engine.support.hierarchical.ThrowableCollector.execute(ThrowableCollector.java:73)&#13;
		at org.junit.jupiter.engine.descriptor.ClassBasedTestDescriptor.lambda$invokeAfterAllCallbacks$14(ClassBasedTestDescriptor.java:421)&#13;
		at java.base/java.util.ArrayList.forEach(ArrayList.java:1507)&#13;
		at org.junit.jupiter.engine.descriptor.ClassBasedTestDescriptor.invokeAfterAllCallbacks(ClassBasedTestDescriptor.java:421)&#13;
		at org.junit.jupiter.engine.descriptor.ClassBasedTestDescriptor.after(ClassBasedTestDescriptor.java:213)&#13;
		at org.junit.jupiter.engine.descriptor.ClassBasedTestDescriptor.after(ClassBasedTestDescriptor.java:77)&#13;
		at org.junit.platform.engine.support.hierarchical.NodeTestTask.lambda$executeRecursively$6(NodeTestTask.java:145)&#13;
		at org.junit.platform.engine.support.hierarchical.ThrowableCollector.execute(ThrowableCollector.java:73)&#13;
		at org.junit.platform.engine.support.hierarchical.NodeTestTask.lambda$executeRecursively$7(NodeTestTask.java:145)&#13;
		... 29 more&#13;
&#13;
</error>
    <testcase name="accountNameTest" classname="com.app.ApplicationTests" incomplete="true" displayname="accountNameTest()" uniqueid="[engine:junit-jupiter]/[class:com.app.ApplicationTests]/[method:accountNameTest()]"/>
    <testcase name="addUserTest" classname="com.app.ApplicationTests" incomplete="true" displayname="addUserTest()" uniqueid="[engine:junit-jupiter]/[class:com.app.ApplicationTests]/[method:addUserTest()]"/>
    <testcase name="userRepoTest" classname="com.app.ApplicationTests" incomplete="true" displayname="userRepoTest()" uniqueid="[engine:junit-jupiter]/[class:com.app.ApplicationTests]/[method:userRepoTest()]"/>
    <testcase name="accountIdTest" classname="com.app.ApplicationTests" incomplete="true" displayname="accountIdTest()" uniqueid="[engine:junit-jupiter]/[class:com.app.ApplicationTests]/[method:accountIdTest()]"/>
    <testcase name="userLastnameTest" classname="com.app.ApplicationTests" incomplete="true" displayname="userLastnameTest()" uniqueid="[engine:junit-jupiter]/[class:com.app.ApplicationTests]/[method:userLastnameTest()]"/>
    <testcase name="userEmailTest" classname="com.app.ApplicationTests" incomplete="true" displayname="userEmailTest()" uniqueid="[engine:junit-jupiter]/[class:com.app.ApplicationTests]/[method:userEmailTest()]"/>
    <testcase name="userPasswordTest" classname="com.app.ApplicationTests" incomplete="true" displayname="userPasswordTest()" uniqueid="[engine:junit-jupiter]/[class:com.app.ApplicationTests]/[method:userPasswordTest()]"/>
    <testcase name="userRepoByEmailTest" classname="com.app.ApplicationTests" incomplete="true" displayname="userRepoByEmailTest()" uniqueid="[engine:junit-jupiter]/[class:com.app.ApplicationTests]/[method:userRepoByEmailTest()]"/>
    <testcase name="userAccountsTest" classname="com.app.ApplicationTests" incomplete="true" displayname="userAccountsTest()" uniqueid="[engine:junit-jupiter]/[class:com.app.ApplicationTests]/[method:userAccountsTest()]"/>
    <testcase name="getUsersTest" classname="com.app.ApplicationTests" incomplete="true" displayname="getUsersTest()" uniqueid="[engine:junit-jupiter]/[class:com.app.ApplicationTests]/[method:getUsersTest()]"/>
    <testcase name="accountRepoTest" classname="com.app.ApplicationTests" incomplete="true" displayname="accountRepoTest()" uniqueid="[engine:junit-jupiter]/[class:com.app.ApplicationTests]/[method:accountRepoTest()]"/>
    <testcase name="accountUserTest" classname="com.app.ApplicationTests" incomplete="true" displayname="accountUserTest()" uniqueid="[engine:junit-jupiter]/[class:com.app.ApplicationTests]/[method:accountUserTest()]"/>
    <testcase name="updateUserTest" classname="com.app.ApplicationTests" incomplete="true" displayname="updateUserTest()" uniqueid="[engine:junit-jupiter]/[class:com.app.ApplicationTests]/[method:updateUserTest()]"/>
    <testcase name="userFirstnameTest" classname="com.app.ApplicationTests" incomplete="true" displayname="userFirstnameTest()" uniqueid="[engine:junit-jupiter]/[class:com.app.ApplicationTests]/[method:userFirstnameTest()]"/>
    <testcase name="userIdTest" classname="com.app.ApplicationTests" incomplete="true" displayname="userIdTest()" uniqueid="[engine:junit-jupiter]/[class:com.app.ApplicationTests]/[method:userIdTest()]"/>
    <testcase name="accountAmountTest" classname="com.app.ApplicationTests" incomplete="true" displayname="accountAmountTest()" uniqueid="[engine:junit-jupiter]/[class:com.app.ApplicationTests]/[method:accountAmountTest()]"/>
    <testcase name="authenticationTest" classname="com.app.ApplicationTests" incomplete="true" displayname="authenticationTest()" uniqueid="[engine:junit-jupiter]/[class:com.app.ApplicationTests]/[method:authenticationTest()]"/>
    <testcase name="getUserTest" classname="com.app.ApplicationTests" incomplete="true" displayname="getUserTest()" uniqueid="[engine:junit-jupiter]/[class:com.app.ApplicationTests]/[method:getUserTest()]"/>
  </testsuite>
</testrun>
