<?xml version="1.0" encoding="UTF-8"?><testrun name="ApplicationTests" project="JS.Fofana-Bank-V2.2-Backend" tests="16" started="16" failures="1" errors="0" ignored="0">
  <testsuite name="com.app.ApplicationTests" time="0.609" displayname="ApplicationTests" uniqueid="[engine:junit-jupiter]/[class:com.app.ApplicationTests]">
    <testcase name="accountNameTest" classname="com.app.ApplicationTests" time="0.246" displayname="accountNameTest()" uniqueid="[engine:junit-jupiter]/[class:com.app.ApplicationTests]/[method:accountNameTest()]"/>
    <testcase name="errorMessageTest" classname="com.app.ApplicationTests" time="0.008" displayname="errorMessageTest()" uniqueid="[engine:junit-jupiter]/[class:com.app.ApplicationTests]/[method:errorMessageTest()]"/>
    <testcase name="userRepoTest" classname="com.app.ApplicationTests" time="0.025" displayname="userRepoTest()" uniqueid="[engine:junit-jupiter]/[class:com.app.ApplicationTests]/[method:userRepoTest()]"/>
    <testcase name="accountIdTest" classname="com.app.ApplicationTests" time="0.007" displayname="accountIdTest()" uniqueid="[engine:junit-jupiter]/[class:com.app.ApplicationTests]/[method:accountIdTest()]"/>
    <testcase name="userLastnameTest" classname="com.app.ApplicationTests" time="0.007" displayname="userLastnameTest()" uniqueid="[engine:junit-jupiter]/[class:com.app.ApplicationTests]/[method:userLastnameTest()]"/>
    <testcase name="errorMessageDetailsTest" classname="com.app.ApplicationTests" time="0.005" displayname="errorMessageDetailsTest()" uniqueid="[engine:junit-jupiter]/[class:com.app.ApplicationTests]/[method:errorMessageDetailsTest()]"/>
    <testcase name="userEmailTest" classname="com.app.ApplicationTests" time="0.006" displayname="userEmailTest()" uniqueid="[engine:junit-jupiter]/[class:com.app.ApplicationTests]/[method:userEmailTest()]"/>
    <testcase name="userPasswordTest" classname="com.app.ApplicationTests" time="0.005" displayname="userPasswordTest()" uniqueid="[engine:junit-jupiter]/[class:com.app.ApplicationTests]/[method:userPasswordTest()]"/>
    <testcase name="userRepoByEmailTest" classname="com.app.ApplicationTests" time="0.007" displayname="userRepoByEmailTest()" uniqueid="[engine:junit-jupiter]/[class:com.app.ApplicationTests]/[method:userRepoByEmailTest()]"/>
    <testcase name="userAccountsTest" classname="com.app.ApplicationTests" time="0.006" displayname="userAccountsTest()" uniqueid="[engine:junit-jupiter]/[class:com.app.ApplicationTests]/[method:userAccountsTest()]"/>
    <testcase name="accountRepoTest" classname="com.app.ApplicationTests" time="0.014" displayname="accountRepoTest()" uniqueid="[engine:junit-jupiter]/[class:com.app.ApplicationTests]/[method:accountRepoTest()]"/>
    <testcase name="accountUserTest" classname="com.app.ApplicationTests" time="0.005" displayname="accountUserTest()" uniqueid="[engine:junit-jupiter]/[class:com.app.ApplicationTests]/[method:accountUserTest()]"/>
    <testcase name="userFirstnameTest" classname="com.app.ApplicationTests" time="0.006" displayname="userFirstnameTest()" uniqueid="[engine:junit-jupiter]/[class:com.app.ApplicationTests]/[method:userFirstnameTest()]"/>
    <testcase name="connectionTest" classname="com.app.ApplicationTests" time="0.247" displayname="connectionTest()" uniqueid="[engine:junit-jupiter]/[class:com.app.ApplicationTests]/[method:connectionTest()]">
      <failure>java.lang.AssertionError: Status expected:&lt;200&gt; but was:&lt;405&gt;&#13;
	at org.springframework.test.util.AssertionErrors.fail(AssertionErrors.java:59)&#13;
	at org.springframework.test.util.AssertionErrors.assertEquals(AssertionErrors.java:122)&#13;
	at org.springframework.test.web.servlet.result.StatusResultMatchers.lambda$matcher$9(StatusResultMatchers.java:627)&#13;
	at org.springframework.test.web.servlet.MockMvc$1.andExpect(MockMvc.java:196)&#13;
	at com.app.ApplicationTests.connectionTest(ApplicationTests.java:69)&#13;
	at java.base/jdk.internal.reflect.NativeMethodAccessorImpl.invoke0(Native Method)&#13;
	at java.base/jdk.internal.reflect.NativeMethodAccessorImpl.invoke(NativeMethodAccessorImpl.java:62)&#13;
	at java.base/jdk.internal.reflect.DelegatingMethodAccessorImpl.invoke(DelegatingMethodAccessorImpl.java:43)&#13;
	at java.base/java.lang.reflect.Method.invoke(Method.java:567)&#13;
	at org.junit.platform.commons.util.ReflectionUtils.invokeMethod(ReflectionUtils.java:675)&#13;
	at org.junit.jupiter.engine.execution.MethodInvocation.proceed(MethodInvocation.java:60)&#13;
	at org.junit.jupiter.engine.execution.InvocationInterceptorChain$ValidatingInvocation.proceed(InvocationInterceptorChain.java:125)&#13;
	at org.junit.jupiter.engine.extension.TimeoutExtension.intercept(TimeoutExtension.java:132)&#13;
	at org.junit.jupiter.engine.extension.TimeoutExtension.interceptTestableMethod(TimeoutExtension.java:124)&#13;
	at org.junit.jupiter.engine.extension.TimeoutExtension.interceptTestMethod(TimeoutExtension.java:74)&#13;
	at org.junit.jupiter.engine.execution.ExecutableInvoker$ReflectiveInterceptorCall.lambda$ofVoidMethod$0(ExecutableInvoker.java:115)&#13;
	at org.junit.jupiter.engine.execution.ExecutableInvoker.lambda$invoke$0(ExecutableInvoker.java:105)&#13;
	at org.junit.jupiter.engine.execution.InvocationInterceptorChain$InterceptedInvocation.proceed(InvocationInterceptorChain.java:104)&#13;
	at org.junit.jupiter.engine.execution.InvocationInterceptorChain.proceed(InvocationInterceptorChain.java:62)&#13;
	at org.junit.jupiter.engine.execution.InvocationInterceptorChain.chainAndInvoke(InvocationInterceptorChain.java:43)&#13;
	at org.junit.jupiter.engine.execution.InvocationInterceptorChain.invoke(InvocationInterceptorChain.java:35)&#13;
	at org.junit.jupiter.engine.execution.ExecutableInvoker.invoke(ExecutableInvoker.java:104)&#13;
	at org.junit.jupiter.engine.execution.ExecutableInvoker.invoke(ExecutableInvoker.java:98)&#13;
	at org.junit.jupiter.engine.descriptor.TestMethodTestDescriptor.lambda$invokeTestMethod$6(TestMethodTestDescriptor.java:202)&#13;
	at org.junit.platform.engine.support.hierarchical.ThrowableCollector.execute(ThrowableCollector.java:73)&#13;
	at org.junit.jupiter.engine.descriptor.TestMethodTestDescriptor.invokeTestMethod(TestMethodTestDescriptor.java:198)&#13;
	at org.junit.jupiter.engine.descriptor.TestMethodTestDescriptor.execute(TestMethodTestDescriptor.java:135)&#13;
	at org.junit.jupiter.engine.descriptor.TestMethodTestDescriptor.execute(TestMethodTestDescriptor.java:69)&#13;
	at org.junit.platform.engine.support.hierarchical.NodeTestTask.lambda$executeRecursively$5(NodeTestTask.java:135)&#13;
	at org.junit.platform.engine.support.hierarchical.ThrowableCollector.execute(ThrowableCollector.java:73)&#13;
	at org.junit.platform.engine.support.hierarchical.NodeTestTask.lambda$executeRecursively$7(NodeTestTask.java:125)&#13;
	at org.junit.platform.engine.support.hierarchical.Node.around(Node.java:135)&#13;
	at org.junit.platform.engine.support.hierarchical.NodeTestTask.lambda$executeRecursively$8(NodeTestTask.java:123)&#13;
	at org.junit.platform.engine.support.hierarchical.ThrowableCollector.execute(ThrowableCollector.java:73)&#13;
	at org.junit.platform.engine.support.hierarchical.NodeTestTask.executeRecursively(NodeTestTask.java:122)&#13;
	at org.junit.platform.engine.support.hierarchical.NodeTestTask.execute(NodeTestTask.java:80)&#13;
	at java.base/java.util.ArrayList.forEach(ArrayList.java:1507)&#13;
	at org.junit.platform.engine.support.hierarchical.SameThreadHierarchicalTestExecutorService.invokeAll(SameThreadHierarchicalTestExecutorService.java:38)&#13;
	at org.junit.platform.engine.support.hierarchical.NodeTestTask.lambda$executeRecursively$5(NodeTestTask.java:139)&#13;
	at org.junit.platform.engine.support.hierarchical.ThrowableCollector.execute(ThrowableCollector.java:73)&#13;
	at org.junit.platform.engine.support.hierarchical.NodeTestTask.lambda$executeRecursively$7(NodeTestTask.java:125)&#13;
	at org.junit.platform.engine.support.hierarchical.Node.around(Node.java:135)&#13;
	at org.junit.platform.engine.support.hierarchical.NodeTestTask.lambda$executeRecursively$8(NodeTestTask.java:123)&#13;
	at org.junit.platform.engine.support.hierarchical.ThrowableCollector.execute(ThrowableCollector.java:73)&#13;
	at org.junit.platform.engine.support.hierarchical.NodeTestTask.executeRecursively(NodeTestTask.java:122)&#13;
	at org.junit.platform.engine.support.hierarchical.NodeTestTask.execute(NodeTestTask.java:80)&#13;
	at java.base/java.util.ArrayList.forEach(ArrayList.java:1507)&#13;
	at org.junit.platform.engine.support.hierarchical.SameThreadHierarchicalTestExecutorService.invokeAll(SameThreadHierarchicalTestExecutorService.java:38)&#13;
	at org.junit.platform.engine.support.hierarchical.NodeTestTask.lambda$executeRecursively$5(NodeTestTask.java:139)&#13;
	at org.junit.platform.engine.support.hierarchical.ThrowableCollector.execute(ThrowableCollector.java:73)&#13;
	at org.junit.platform.engine.support.hierarchical.NodeTestTask.lambda$executeRecursively$7(NodeTestTask.java:125)&#13;
	at org.junit.platform.engine.support.hierarchical.Node.around(Node.java:135)&#13;
	at org.junit.platform.engine.support.hierarchical.NodeTestTask.lambda$executeRecursively$8(NodeTestTask.java:123)&#13;
	at org.junit.platform.engine.support.hierarchical.ThrowableCollector.execute(ThrowableCollector.java:73)&#13;
	at org.junit.platform.engine.support.hierarchical.NodeTestTask.executeRecursively(NodeTestTask.java:122)&#13;
	at org.junit.platform.engine.support.hierarchical.NodeTestTask.execute(NodeTestTask.java:80)&#13;
	at org.junit.platform.engine.support.hierarchical.SameThreadHierarchicalTestExecutorService.submit(SameThreadHierarchicalTestExecutorService.java:32)&#13;
	at org.junit.platform.engine.support.hierarchical.HierarchicalTestExecutor.execute(HierarchicalTestExecutor.java:57)&#13;
	at org.junit.platform.engine.support.hierarchical.HierarchicalTestEngine.execute(HierarchicalTestEngine.java:51)&#13;
	at org.junit.platform.launcher.core.DefaultLauncher.execute(DefaultLauncher.java:229)&#13;
	at org.junit.platform.launcher.core.DefaultLauncher.lambda$execute$6(DefaultLauncher.java:197)&#13;
	at org.junit.platform.launcher.core.DefaultLauncher.withInterceptedStreams(DefaultLauncher.java:211)&#13;
	at org.junit.platform.launcher.core.DefaultLauncher.execute(DefaultLauncher.java:191)&#13;
	at org.junit.platform.launcher.core.DefaultLauncher.execute(DefaultLauncher.java:137)&#13;
	at org.eclipse.jdt.internal.junit5.runner.JUnit5TestReference.run(JUnit5TestReference.java:89)&#13;
	at org.eclipse.jdt.internal.junit.runner.TestExecution.run(TestExecution.java:41)&#13;
	at org.eclipse.jdt.internal.junit.runner.RemoteTestRunner.runTests(RemoteTestRunner.java:542)&#13;
	at org.eclipse.jdt.internal.junit.runner.RemoteTestRunner.runTests(RemoteTestRunner.java:770)&#13;
	at org.eclipse.jdt.internal.junit.runner.RemoteTestRunner.run(RemoteTestRunner.java:464)&#13;
	at org.eclipse.jdt.internal.junit.runner.RemoteTestRunner.main(RemoteTestRunner.java:210)&#13;
&#13;
</failure>
    </testcase>
    <testcase name="userIdTest" classname="com.app.ApplicationTests" time="0.005" displayname="userIdTest()" uniqueid="[engine:junit-jupiter]/[class:com.app.ApplicationTests]/[method:userIdTest()]"/>
    <testcase name="accountAmountTest" classname="com.app.ApplicationTests" time="0.009" displayname="accountAmountTest()" uniqueid="[engine:junit-jupiter]/[class:com.app.ApplicationTests]/[method:accountAmountTest()]"/>
  </testsuite>
</testrun>
