<?xml version="1.0" encoding="UTF-8"?><testrun name="ApplicationTests" project="JS.Fofana-Bank-V2.2-Backend" tests="18" started="0" failures="0" errors="1" ignored="0">
  <testsuite name="com.app.ApplicationTests" incomplete="true" displayname="ApplicationTests" uniqueid="[engine:junit-jupiter]/[class:com.app.ApplicationTests]">
    <error>java.lang.TypeNotPresentException: Type org.springframework.test.context.junit.jupiter.SpringExtension not present&#13;
	at java.base/sun.reflect.annotation.TypeNotPresentExceptionProxy.generateException(TypeNotPresentExceptionProxy.java:46)&#13;
	at java.base/sun.reflect.annotation.AnnotationInvocationHandler.invoke(AnnotationInvocationHandler.java:86)&#13;
	at com.sun.proxy.$Proxy11.value(Unknown Source)&#13;
	at java.base/java.util.stream.ReferencePipeline$3$1.accept(ReferencePipeline.java:195)&#13;
	at java.base/java.util.ArrayList$ArrayListSpliterator.forEachRemaining(ArrayList.java:1621)&#13;
	at java.base/java.util.stream.AbstractPipeline.copyInto(AbstractPipeline.java:484)&#13;
	at java.base/java.util.stream.AbstractPipeline.wrapAndCopyInto(AbstractPipeline.java:474)&#13;
	at java.base/java.util.stream.ReduceOps$ReduceOp.evaluateSequential(ReduceOps.java:913)&#13;
	at java.base/java.util.stream.AbstractPipeline.evaluate(AbstractPipeline.java:234)&#13;
	at java.base/java.util.stream.ReferencePipeline.collect(ReferencePipeline.java:578)&#13;
	at org.junit.jupiter.engine.descriptor.ExtensionUtils.populateNewExtensionRegistryFromExtendWithAnnotation(ExtensionUtils.java:74)&#13;
	at org.junit.jupiter.engine.descriptor.ClassBasedTestDescriptor.prepare(ClassBasedTestDescriptor.java:142)&#13;
	at org.junit.jupiter.engine.descriptor.ClassBasedTestDescriptor.prepare(ClassBasedTestDescriptor.java:77)&#13;
	at org.junit.platform.engine.support.hierarchical.NodeTestTask.lambda$prepare$1(NodeTestTask.java:107)&#13;
	at org.junit.platform.engine.support.hierarchical.ThrowableCollector.execute(ThrowableCollector.java:73)&#13;
	at org.junit.platform.engine.support.hierarchical.NodeTestTask.prepare(NodeTestTask.java:107)&#13;
	at org.junit.platform.engine.support.hierarchical.NodeTestTask.execute(NodeTestTask.java:75)&#13;
	at java.base/java.util.ArrayList.forEach(ArrayList.java:1507)&#13;
	at org.junit.platform.engine.support.hierarchical.SameThreadHierarchicalTestExecutorService.invokeAll(SameThreadHierarchicalTestExecutorService.java:38)&#13;
	at org.junit.platform.engine.support.hierarchical.NodeTestTask.lambda$executeRecursively$5(NodeTestTask.java:139)&#13;
	at org.junit.platform.engine.support.hierarchical.ThrowableCollector.execute(ThrowableCollector.java:73)&#13;
	at org.junit.platform.engine.support.hierarchical.NodeTestTask.lambda$executeRecursively$7(NodeTestTask.java:125)&#13;
	at org.junit.platform.engine.support.hierarchical.Node.around(Node.java:135)&#13;
	at org.junit.platform.engine.support.hierarchical.NodeTestTask.lambda$executeRecursively$8(NodeTestTask.java:123)&#13;
	at org.junit.platform.engine.support.hierarchical.ThrowableCollector.execute(ThrowableCollector.java:73)&#13;
	at org.junit.platform.engine.support.hierarchical.NodeTestTask.executeRecursively(NodeTestTask.java:122)&#13;
	at org.junit.platform.engine.support.hierarchical.NodeTestTask.execute(NodeTestTask.java:80)&#13;
	at org.junit.platform.engine.support.hierarchical.SameThreadHierarchicalTestExecutorService.submit(SameThreadHierarchicalTestExecutorService.java:32)&#13;
	at org.junit.platform.engine.support.hierarchical.HierarchicalTestExecutor.execute(HierarchicalTestExecutor.java:57)&#13;
	at org.junit.platform.engine.support.hierarchical.HierarchicalTestEngine.execute(HierarchicalTestEngine.java:51)&#13;
	at org.junit.platform.launcher.core.DefaultLauncher.execute(DefaultLauncher.java:229)&#13;
	at org.junit.platform.launcher.core.DefaultLauncher.lambda$execute$6(DefaultLauncher.java:197)&#13;
	at org.junit.platform.launcher.core.DefaultLauncher.withInterceptedStreams(DefaultLauncher.java:211)&#13;
	at org.junit.platform.launcher.core.DefaultLauncher.execute(DefaultLauncher.java:191)&#13;
	at org.junit.platform.launcher.core.DefaultLauncher.execute(DefaultLauncher.java:137)&#13;
	at org.eclipse.jdt.internal.junit5.runner.JUnit5TestReference.run(JUnit5TestReference.java:89)&#13;
	at org.eclipse.jdt.internal.junit.runner.TestExecution.run(TestExecution.java:41)&#13;
	at org.eclipse.jdt.internal.junit.runner.RemoteTestRunner.runTests(RemoteTestRunner.java:542)&#13;
	at org.eclipse.jdt.internal.junit.runner.RemoteTestRunner.runTests(RemoteTestRunner.java:770)&#13;
	at org.eclipse.jdt.internal.junit.runner.RemoteTestRunner.run(RemoteTestRunner.java:464)&#13;
	at org.eclipse.jdt.internal.junit.runner.RemoteTestRunner.main(RemoteTestRunner.java:210)&#13;
Caused by: java.lang.ClassNotFoundException: org.springframework.test.context.junit.jupiter.SpringExtension&#13;
	at java.base/jdk.internal.loader.BuiltinClassLoader.loadClass(BuiltinClassLoader.java:602)&#13;
	at java.base/jdk.internal.loader.ClassLoaders$AppClassLoader.loadClass(ClassLoaders.java:178)&#13;
	at java.base/java.lang.ClassLoader.loadClass(ClassLoader.java:521)&#13;
	at java.base/java.lang.Class.forName0(Native Method)&#13;
	at java.base/java.lang.Class.forName(Class.java:416)&#13;
	at java.base/sun.reflect.generics.factory.CoreReflectionFactory.makeNamedType(CoreReflectionFactory.java:114)&#13;
	at java.base/sun.reflect.generics.visitor.Reifier.visitClassTypeSignature(Reifier.java:125)&#13;
	at java.base/sun.reflect.generics.tree.ClassTypeSignature.accept(ClassTypeSignature.java:49)&#13;
	at java.base/sun.reflect.annotation.AnnotationParser.parseSig(AnnotationParser.java:440)&#13;
	at java.base/sun.reflect.annotation.AnnotationParser.parseClassValue(AnnotationParser.java:421)&#13;
	at java.base/sun.reflect.annotation.AnnotationParser.lambda$parseClassArray$0(AnnotationParser.java:719)&#13;
	at java.base/sun.reflect.annotation.AnnotationParser.parseArrayElements(AnnotationParser.java:747)&#13;
	at java.base/sun.reflect.annotation.AnnotationParser.parseClassArray(AnnotationParser.java:718)&#13;
	at java.base/sun.reflect.annotation.AnnotationParser.parseArray(AnnotationParser.java:532)&#13;
	at java.base/sun.reflect.annotation.AnnotationParser.parseMemberValue(AnnotationParser.java:356)&#13;
	at java.base/sun.reflect.annotation.AnnotationParser.parseAnnotation2(AnnotationParser.java:287)&#13;
	at java.base/sun.reflect.annotation.AnnotationParser.parseAnnotations2(AnnotationParser.java:121)&#13;
	at java.base/sun.reflect.annotation.AnnotationParser.parseAnnotations(AnnotationParser.java:73)&#13;
	at java.base/java.lang.Class.createAnnotationData(Class.java:3756)&#13;
	at java.base/java.lang.Class.annotationData(Class.java:3745)&#13;
	at java.base/java.lang.Class.getDeclaredAnnotation(Class.java:3693)&#13;
	at org.junit.platform.commons.util.AnnotationUtils.findAnnotation(AnnotationUtils.java:128)&#13;
	at org.junit.platform.commons.util.AnnotationUtils.findMetaAnnotation(AnnotationUtils.java:176)&#13;
	at org.junit.platform.commons.util.AnnotationUtils.findAnnotation(AnnotationUtils.java:134)&#13;
	at org.junit.platform.commons.util.AnnotationUtils.findAnnotation(AnnotationUtils.java:115)&#13;
	at org.junit.jupiter.engine.descriptor.DisplayNameUtils.determineDisplayName(DisplayNameUtils.java:56)&#13;
	at org.junit.jupiter.engine.descriptor.JupiterTestDescriptor.&lt;init&gt;(JupiterTestDescriptor.java:69)&#13;
	at org.junit.jupiter.engine.descriptor.ClassBasedTestDescriptor.&lt;init&gt;(ClassBasedTestDescriptor.java:93)&#13;
	at org.junit.jupiter.engine.descriptor.ClassTestDescriptor.&lt;init&gt;(ClassTestDescriptor.java:50)&#13;
	at org.junit.jupiter.engine.discovery.ClassSelectorResolver.newClassTestDescriptor(ClassSelectorResolver.java:121)&#13;
	at org.junit.jupiter.engine.discovery.ClassSelectorResolver.lambda$resolve$0(ClassSelectorResolver.java:70)&#13;
	at org.junit.platform.engine.support.discovery.EngineDiscoveryRequestResolution$DefaultContext.createAndAdd(EngineDiscoveryRequestResolution.java:249)&#13;
	at org.junit.platform.engine.support.discovery.EngineDiscoveryRequestResolution$DefaultContext.addToParent(EngineDiscoveryRequestResolution.java:212)&#13;
	at org.junit.jupiter.engine.discovery.ClassSelectorResolver.resolve(ClassSelectorResolver.java:70)&#13;
	at org.junit.platform.engine.support.discovery.EngineDiscoveryRequestResolution.lambda$resolve$2(EngineDiscoveryRequestResolution.java:129)&#13;
	at java.base/java.util.stream.ReferencePipeline$3$1.accept(ReferencePipeline.java:195)&#13;
	at java.base/java.util.ArrayList$ArrayListSpliterator.tryAdvance(ArrayList.java:1598)&#13;
	at java.base/java.util.stream.ReferencePipeline.forEachWithCancel(ReferencePipeline.java:127)&#13;
	at java.base/java.util.stream.AbstractPipeline.copyIntoWithCancel(AbstractPipeline.java:502)&#13;
	at java.base/java.util.stream.AbstractPipeline.copyInto(AbstractPipeline.java:488)&#13;
	at java.base/java.util.stream.AbstractPipeline.wrapAndCopyInto(AbstractPipeline.java:474)&#13;
	at java.base/java.util.stream.FindOps$FindOp.evaluateSequential(FindOps.java:150)&#13;
	at java.base/java.util.stream.AbstractPipeline.evaluate(AbstractPipeline.java:234)&#13;
	at java.base/java.util.stream.ReferencePipeline.findFirst(ReferencePipeline.java:543)&#13;
	at org.junit.platform.engine.support.discovery.EngineDiscoveryRequestResolution.resolve(EngineDiscoveryRequestResolution.java:174)&#13;
	at org.junit.platform.engine.support.discovery.EngineDiscoveryRequestResolution.resolve(EngineDiscoveryRequestResolution.java:120)&#13;
	at org.junit.platform.engine.support.discovery.EngineDiscoveryRequestResolution.resolveCompletely(EngineDiscoveryRequestResolution.java:87)&#13;
	at org.junit.platform.engine.support.discovery.EngineDiscoveryRequestResolution.run(EngineDiscoveryRequestResolution.java:80)&#13;
	at org.junit.platform.engine.support.discovery.EngineDiscoveryRequestResolver.resolve(EngineDiscoveryRequestResolver.java:112)&#13;
	at org.junit.jupiter.engine.discovery.DiscoverySelectorResolver.resolveSelectors(DiscoverySelectorResolver.java:45)&#13;
	at org.junit.jupiter.engine.JupiterTestEngine.discover(JupiterTestEngine.java:69)&#13;
	at org.junit.platform.launcher.core.DefaultLauncher.discoverEngineRoot(DefaultLauncher.java:177)&#13;
	at org.junit.platform.launcher.core.DefaultLauncher.discoverRoot(DefaultLauncher.java:164)&#13;
	at org.junit.platform.launcher.core.DefaultLauncher.discover(DefaultLauncher.java:120)&#13;
	at org.eclipse.jdt.internal.junit5.runner.JUnit5TestReference.&lt;init&gt;(JUnit5TestReference.java:45)&#13;
	at org.eclipse.jdt.internal.junit5.runner.JUnit5TestLoader.createUnfilteredTest(JUnit5TestLoader.java:76)&#13;
	at org.eclipse.jdt.internal.junit5.runner.JUnit5TestLoader.createTest(JUnit5TestLoader.java:66)&#13;
	at org.eclipse.jdt.internal.junit5.runner.JUnit5TestLoader.loadTests(JUnit5TestLoader.java:53)&#13;
	at org.eclipse.jdt.internal.junit.runner.RemoteTestRunner.runTests(RemoteTestRunner.java:526)&#13;
	... 3 more&#13;
&#13;
</error>
    <testcase name="accountNameTest" classname="com.app.ApplicationTests" incomplete="true" displayname="accountNameTest()" uniqueid="[engine:junit-jupiter]/[class:com.app.ApplicationTests]/[method:accountNameTest()]"/>
    <testcase name="addUserTest" classname="com.app.ApplicationTests" incomplete="true" displayname="addUserTest()" uniqueid="[engine:junit-jupiter]/[class:com.app.ApplicationTests]/[method:addUserTest()]"/>
    <testcase name="userRepoTest" classname="com.app.ApplicationTests" incomplete="true" displayname="userRepoTest()" uniqueid="[engine:junit-jupiter]/[class:com.app.ApplicationTests]/[method:userRepoTest()]"/>
    <testcase name="accountIdTest" classname="com.app.ApplicationTests" incomplete="true" displayname="accountIdTest()" uniqueid="[engine:junit-jupiter]/[class:com.app.ApplicationTests]/[method:accountIdTest()]"/>
    <testcase name="userLastnameTest" classname="com.app.ApplicationTests" incomplete="true" displayname="userLastnameTest()" uniqueid="[engine:junit-jupiter]/[class:com.app.ApplicationTests]/[method:userLastnameTest()]"/>
    <testcase name="userEmailTest" classname="com.app.ApplicationTests" incomplete="true" displayname="userEmailTest()" uniqueid="[engine:junit-jupiter]/[class:com.app.ApplicationTests]/[method:userEmailTest()]"/>
    <testcase name="userPasswordTest" classname="com.app.ApplicationTests" incomplete="true" displayname="userPasswordTest()" uniqueid="[engine:junit-jupiter]/[class:com.app.ApplicationTests]/[method:userPasswordTest()]"/>
    <testcase name="userRepoByEmailTest" classname="com.app.ApplicationTests" incomplete="true" displayname="userRepoByEmailTest()" uniqueid="[engine:junit-jupiter]/[class:com.app.ApplicationTests]/[method:userRepoByEmailTest()]"/>
    <testcase name="userAccountsTest" classname="com.app.ApplicationTests" incomplete="true" displayname="userAccountsTest()" uniqueid="[engine:junit-jupiter]/[class:com.app.ApplicationTests]/[method:userAccountsTest()]"/>
    <testcase name="getUsersTest" classname="com.app.ApplicationTests" incomplete="true" displayname="getUsersTest()" uniqueid="[engine:junit-jupiter]/[class:com.app.ApplicationTests]/[method:getUsersTest()]"/>
    <testcase name="accountRepoTest" classname="com.app.ApplicationTests" incomplete="true" displayname="accountRepoTest()" uniqueid="[engine:junit-jupiter]/[class:com.app.ApplicationTests]/[method:accountRepoTest()]"/>
    <testcase name="accountUserTest" classname="com.app.ApplicationTests" incomplete="true" displayname="accountUserTest()" uniqueid="[engine:junit-jupiter]/[class:com.app.ApplicationTests]/[method:accountUserTest()]"/>
    <testcase name="updateUserTest" classname="com.app.ApplicationTests" incomplete="true" displayname="updateUserTest()" uniqueid="[engine:junit-jupiter]/[class:com.app.ApplicationTests]/[method:updateUserTest()]"/>
    <testcase name="userFirstnameTest" classname="com.app.ApplicationTests" incomplete="true" displayname="userFirstnameTest()" uniqueid="[engine:junit-jupiter]/[class:com.app.ApplicationTests]/[method:userFirstnameTest()]"/>
    <testcase name="userIdTest" classname="com.app.ApplicationTests" incomplete="true" displayname="userIdTest()" uniqueid="[engine:junit-jupiter]/[class:com.app.ApplicationTests]/[method:userIdTest()]"/>
    <testcase name="accountAmountTest" classname="com.app.ApplicationTests" incomplete="true" displayname="accountAmountTest()" uniqueid="[engine:junit-jupiter]/[class:com.app.ApplicationTests]/[method:accountAmountTest()]"/>
    <testcase name="authenticationTest" classname="com.app.ApplicationTests" incomplete="true" displayname="authenticationTest()" uniqueid="[engine:junit-jupiter]/[class:com.app.ApplicationTests]/[method:authenticationTest()]"/>
    <testcase name="getUserTest" classname="com.app.ApplicationTests" incomplete="true" displayname="getUserTest()" uniqueid="[engine:junit-jupiter]/[class:com.app.ApplicationTests]/[method:getUserTest()]"/>
  </testsuite>
</testrun>
